<?xml version="1.0" encoding="UTF-8"?>
<!-- Generated by org.testng.reporters.JUnitXMLReporter -->
<testsuite ignored="1" hostname="Haridass" failures="0" tests="1" name="Default test" time="10.998" errors="0" timestamp="2025-01-01T22:57:43 IST">
  <testcase classname="testCases.Login_TCs" name="validateHRMLogin" time="4.213"/>
  <testcase classname="testCases.Login_TCs" name="pimPageVaidateWithEmpName" time="0.0">
    <ignored/>
  </testcase> <!-- pimPageVaidateWithEmpName -->
</testsuite> <!-- Default test -->
