<?xml version="1.0" encoding="UTF-8"?>
<testng-results ignored="0" total="1" passed="1" failed="0" skipped="0">
  <reporter-output>
  </reporter-output>
  <suite started-at="2025-01-04T11:12:44 IST" name="Default suite" finished-at="2025-01-04T11:12:56 IST" duration-ms="12075">
    <groups>
    </groups>
    <test started-at="2025-01-04T11:12:44 IST" name="Default test" finished-at="2025-01-04T11:12:56 IST" duration-ms="12075">
      <class name="testCases.PIM_TCs">
        <test-method is-config="true" signature="extentReport()[pri:0, instance:testCases.PIM_TCs@38425407]" started-at="2025-01-04T11:12:44 IST" name="extentReport" finished-at="2025-01-04T11:12:44 IST" duration-ms="475" status="PASS">
          <reporter-output>
          </reporter-output>
        </test-method> <!-- extentReport -->
        <test-method is-config="true" signature="launchABrowser()[pri:0, instance:testCases.PIM_TCs@38425407]" started-at="2025-01-04T11:12:44 IST" name="launchABrowser" finished-at="2025-01-04T11:12:49 IST" duration-ms="5279" status="PASS">
          <reporter-output>
          </reporter-output>
        </test-method> <!-- launchABrowser -->
        <test-method signature="pimPageVaidateWithEmpName()[pri:0, instance:testCases.PIM_TCs@38425407]" started-at="2025-01-04T11:12:49 IST" name="pimPageVaidateWithEmpName" finished-at="2025-01-04T11:12:56 IST" duration-ms="6739" status="PASS">
          <reporter-output>
          </reporter-output>
        </test-method> <!-- pimPageVaidateWithEmpName -->
        <test-method is-config="true" signature="flushReport()[pri:0, instance:testCases.PIM_TCs@38425407]" started-at="2025-01-04T11:12:56 IST" name="flushReport" finished-at="2025-01-04T11:12:57 IST" duration-ms="861" status="PASS">
          <reporter-output>
          </reporter-output>
        </test-method> <!-- flushReport -->
      </class> <!-- testCases.PIM_TCs -->
    </test> <!-- Default test -->
  </suite> <!-- Default suite -->
</testng-results>
