<?xml version="1.0" encoding="UTF-8"?>
<testng-results ignored="1" total="2" passed="1" failed="0" skipped="0">
  <reporter-output>
  </reporter-output>
  <suite started-at="2025-01-01T22:57:32 IST" name="Default suite" finished-at="2025-01-01T22:57:43 IST" duration-ms="10998">
    <groups>
    </groups>
    <test started-at="2025-01-01T22:57:32 IST" name="Default test" finished-at="2025-01-01T22:57:43 IST" duration-ms="10998">
      <class name="testCases.Login_TCs">
        <test-method is-config="true" signature="launchABrowser()[pri:0, instance:testCases.Login_TCs@34123d65]" started-at="2025-01-01T22:57:32 IST" name="launchABrowser" finished-at="2025-01-01T22:57:38 IST" duration-ms="6706" status="PASS">
          <reporter-output>
          </reporter-output>
        </test-method> <!-- launchABrowser -->
        <test-method signature="validateHRMLogin()[pri:1, instance:testCases.Login_TCs@34123d65]" started-at="2025-01-01T22:57:38 IST" name="validateHRMLogin" finished-at="2025-01-01T22:57:43 IST" duration-ms="4213" status="PASS">
          <reporter-output>
          </reporter-output>
        </test-method> <!-- validateHRMLogin -->
      </class> <!-- testCases.Login_TCs -->
    </test> <!-- Default test -->
  </suite> <!-- Default suite -->
</testng-results>
